27-08-2019 10:43:13.394 [main] INFO  c.microsoft.helpit.StartApplication.logStarting - Starting StartApplication on cn-tmehe-0524 with PID 31632 (D:\programs\helpit\target\classes started by t-mehe in D:\programs\helpit)
27-08-2019 10:43:13.403 [main] INFO  c.microsoft.helpit.StartApplication.logStartupProfileInfo - No active profile set, falling back to default profiles: default
27-08-2019 10:43:14.153 [main] INFO  o.s.d.r.c.RepositoryConfigurationDelegate.registerRepositoriesIn - Bootstrapping Spring Data repositories in DEFAULT mode.
27-08-2019 10:43:14.231 [main] INFO  o.s.d.r.c.RepositoryConfigurationDelegate.registerRepositoriesIn - Finished Spring Data repository scanning in 75ms. Found 15 repository interfaces.
27-08-2019 10:43:14.579 [main] INFO  o.s.b.w.e.tomcat.TomcatWebServer.initialize - Tomcat initialized with port(s): 443 (http)
27-08-2019 10:43:14.596 [main] INFO  o.a.catalina.core.StandardService.log - Starting service [Tomcat]
27-08-2019 10:43:14.596 [main] INFO  o.a.catalina.core.StandardEngine.log - Starting Servlet engine: [Apache Tomcat/9.0.19]
27-08-2019 10:43:14.676 [main] INFO  o.a.c.c.C.[Tomcat].[localhost].[/].log - Initializing Spring embedded WebApplicationContext
27-08-2019 10:43:14.676 [main] INFO  o.s.web.context.ContextLoader.prepareWebApplicationContext - Root WebApplicationContext: initialization completed in 1235 ms
27-08-2019 10:43:15.079 [main] INFO  org.mongodb.driver.cluster.info - Cluster created with settings {hosts=[helpit.documents.azure.com:10255], mode=MULTIPLE, requiredClusterType=REPLICA_SET, serverSelectionTimeout='30000 ms', maxWaitQueueSize=500, requiredReplicaSetName='globaldb'}
27-08-2019 10:43:15.079 [main] INFO  org.mongodb.driver.cluster.info - Adding discovered server helpit.documents.azure.com:10255 to client view of cluster
27-08-2019 10:43:15.359 [main] INFO  org.mongodb.driver.cluster.info - No server chosen by com.mongodb.client.internal.MongoClientDelegate$1@5fc930f0 from cluster description ClusterDescription{type=REPLICA_SET, connectionMode=MULTIPLE, serverDescriptions=[ServerDescription{address=helpit.documents.azure.com:10255, type=UNKNOWN, state=CONNECTING}]}. Waiting for 30000 ms before timing out
27-08-2019 10:43:16.018 [cluster-ClusterId{value='5d6498c3231e717b908ec7f6', description='null'}-helpit.documents.azure.com:10255] INFO  org.mongodb.driver.connection.info - Opened connection [connectionId{localValue:1, serverValue:1777515762}] to helpit.documents.azure.com:10255
27-08-2019 10:43:16.118 [cluster-ClusterId{value='5d6498c3231e717b908ec7f6', description='null'}-helpit.documents.azure.com:10255] INFO  org.mongodb.driver.cluster.info - Monitor thread successfully connected to server with description ServerDescription{address=helpit.documents.azure.com:10255, type=REPLICA_SET_PRIMARY, state=CONNECTED, ok=true, version=ServerVersion{versionList=[3, 2, 0]}, minWireVersion=0, maxWireVersion=2, maxDocumentSize=16777216, logicalSessionTimeoutMinutes=null, roundTripTimeNanos=97789500, setName='globaldb', canonicalAddress=cdb-ms-prod-eastasia1-fd5.documents.azure.com:10255, hosts=[cdb-ms-prod-eastasia1-fd5.documents.azure.com:10255], passives=[], arbiters=[], primary='cdb-ms-prod-eastasia1-fd5.documents.azure.com:10255', tagSet=TagSet{[]}, electionId=null, setVersion=1, lastWriteDate=null, lastUpdateTimeNanos=993013833756200}
27-08-2019 10:43:16.121 [cluster-ClusterId{value='5d6498c3231e717b908ec7f6', description='null'}-helpit.documents.azure.com:10255] INFO  org.mongodb.driver.cluster.info - Adding discovered server cdb-ms-prod-eastasia1-fd5.documents.azure.com:10255 to client view of cluster
27-08-2019 10:43:16.123 [cluster-ClusterId{value='5d6498c3231e717b908ec7f6', description='null'}-helpit.documents.azure.com:10255] INFO  org.mongodb.driver.cluster.info - Server helpit.documents.azure.com:10255 is no longer a member of the replica set.  Removing from client view of cluster.
27-08-2019 10:43:16.126 [cluster-ClusterId{value='5d6498c3231e717b908ec7f6', description='null'}-helpit.documents.azure.com:10255] INFO  org.mongodb.driver.cluster.info - Canonical address cdb-ms-prod-eastasia1-fd5.documents.azure.com:10255 does not match server address.  Removing helpit.documents.azure.com:10255 from client view of cluster
27-08-2019 10:43:16.782 [cluster-ClusterId{value='5d6498c3231e717b908ec7f6', description='null'}-cdb-ms-prod-eastasia1-fd5.documents.azure.com:10255] INFO  org.mongodb.driver.connection.info - Opened connection [connectionId{localValue:2, serverValue:2055674091}] to cdb-ms-prod-eastasia1-fd5.documents.azure.com:10255
27-08-2019 10:43:16.880 [cluster-ClusterId{value='5d6498c3231e717b908ec7f6', description='null'}-cdb-ms-prod-eastasia1-fd5.documents.azure.com:10255] INFO  org.mongodb.driver.cluster.info - Monitor thread successfully connected to server with description ServerDescription{address=cdb-ms-prod-eastasia1-fd5.documents.azure.com:10255, type=REPLICA_SET_PRIMARY, state=CONNECTED, ok=true, version=ServerVersion{versionList=[3, 2, 0]}, minWireVersion=0, maxWireVersion=2, maxDocumentSize=16777216, logicalSessionTimeoutMinutes=null, roundTripTimeNanos=96944300, setName='globaldb', canonicalAddress=cdb-ms-prod-eastasia1-fd5.documents.azure.com:10255, hosts=[cdb-ms-prod-eastasia1-fd5.documents.azure.com:10255], passives=[], arbiters=[], primary='cdb-ms-prod-eastasia1-fd5.documents.azure.com:10255', tagSet=TagSet{[]}, electionId=null, setVersion=1, lastWriteDate=null, lastUpdateTimeNanos=993014595471900}
27-08-2019 10:43:16.881 [cluster-ClusterId{value='5d6498c3231e717b908ec7f6', description='null'}-cdb-ms-prod-eastasia1-fd5.documents.azure.com:10255] INFO  org.mongodb.driver.cluster.info - Setting max set version to 1 from replica set primary cdb-ms-prod-eastasia1-fd5.documents.azure.com:10255
27-08-2019 10:43:16.882 [cluster-ClusterId{value='5d6498c3231e717b908ec7f6', description='null'}-cdb-ms-prod-eastasia1-fd5.documents.azure.com:10255] INFO  org.mongodb.driver.cluster.info - Discovered replica set primary cdb-ms-prod-eastasia1-fd5.documents.azure.com:10255
27-08-2019 10:43:17.852 [main] INFO  org.mongodb.driver.connection.info - Opened connection [connectionId{localValue:3, serverValue:320016149}] to cdb-ms-prod-eastasia1-fd5.documents.azure.com:10255
27-08-2019 10:43:20.011 [main] INFO  o.s.s.c.ThreadPoolTaskExecutor.initialize - Initializing ExecutorService 'applicationTaskExecutor'
27-08-2019 10:43:20.173 [main] INFO  o.s.b.w.e.tomcat.TomcatWebServer.start - Tomcat started on port(s): 443 (http) with context path ''
27-08-2019 10:43:20.175 [main] INFO  c.microsoft.helpit.StartApplication.logStarted - Started StartApplication in 7.088 seconds (JVM running for 7.664)
27-08-2019 10:51:13.691 [http-nio-443-exec-1] INFO  o.a.tomcat.util.http.parser.Cookie.log - A cookie header was received [:0.9431499966992505:checkAccount=false] that contained an invalid cookie. That cookie will be ignored.
 Note: further occurrences of this error will be logged at DEBUG level.
27-08-2019 10:51:13.695 [http-nio-443-exec-1] INFO  o.a.c.c.C.[Tomcat].[localhost].[/].log - Initializing Spring DispatcherServlet 'dispatcherServlet'
27-08-2019 10:51:13.696 [http-nio-443-exec-1] INFO  o.s.web.servlet.DispatcherServlet.initServletBean - Initializing Servlet 'dispatcherServlet'
27-08-2019 10:51:13.702 [http-nio-443-exec-1] INFO  o.s.web.servlet.DispatcherServlet.initServletBean - Completed initialization in 6 ms
27-08-2019 10:51:15.038 [pool-2-thread-1] INFO  c.m.a.adal4j.AuthenticationAuthority.doInstanceDiscovery - [Correlation ID: db16acb4-aaf0-4f1d-9ff7-38c7c0756e53] Instance discovery was successful
27-08-2019 10:51:17.670 [http-nio-443-exec-2] INFO  c.m.h.service.Impl.UserServiceImpl.isBlank - UserServiceImpl.isBlank - t-mehe@microsoft.com
27-08-2019 10:51:17.670 [http-nio-443-exec-4] INFO  c.m.h.s.Impl.InvitationServiceImpl.getUnreadInvitationNum - InvitationServiceImpl.getUnreadInvitationNum - t-mehe@microsoft.com
27-08-2019 10:51:17.672 [http-nio-443-exec-9] INFO  c.m.h.service.Impl.SourceServiceImpl.getSubscribedSources - SourceServiceImpl.getSubscribedSources - t-mehe@microsoft.com
27-08-2019 10:51:17.673 [http-nio-443-exec-7] INFO  c.m.h.s.Impl.KeywordServiceImpl.getHotKeywords - KeywordServiceImpl.getHotKeywords - 10
27-08-2019 10:51:17.672 [http-nio-443-exec-8] INFO  c.m.h.service.Impl.TopicServiceImpl.getTopicsByUpn - TopicServiceImpl.getTopicsByUpn - t-mehe@microsoft.com
27-08-2019 10:51:17.675 [http-nio-443-exec-3] INFO  c.m.h.service.Impl.TopicServiceImpl.getTopTopics - TopicServiceImpl.getTopTopics - 10
27-08-2019 10:51:17.965 [http-nio-443-exec-6] INFO  c.m.h.s.Impl.KeywordServiceImpl.getAllKeywords - KeywordServiceImpl.getAllKeywords
27-08-2019 10:51:18.657 [http-nio-443-exec-4] INFO  org.mongodb.driver.connection.info - Opened connection [connectionId{localValue:6, serverValue:-53037898}] to cdb-ms-prod-eastasia1-fd5.documents.azure.com:10255
27-08-2019 10:51:18.662 [http-nio-443-exec-9] INFO  org.mongodb.driver.connection.info - Opened connection [connectionId{localValue:4, serverValue:1748713193}] to cdb-ms-prod-eastasia1-fd5.documents.azure.com:10255
27-08-2019 10:51:18.724 [http-nio-443-exec-8] INFO  org.mongodb.driver.connection.info - Opened connection [connectionId{localValue:5, serverValue:1536994975}] to cdb-ms-prod-eastasia1-fd5.documents.azure.com:10255
27-08-2019 10:51:18.724 [http-nio-443-exec-3] INFO  org.mongodb.driver.connection.info - Opened connection [connectionId{localValue:8, serverValue:-156304097}] to cdb-ms-prod-eastasia1-fd5.documents.azure.com:10255
27-08-2019 10:51:18.728 [http-nio-443-exec-2] INFO  org.mongodb.driver.connection.info - Opened connection [connectionId{localValue:7, serverValue:110684611}] to cdb-ms-prod-eastasia1-fd5.documents.azure.com:10255
27-08-2019 10:51:18.863 [http-nio-443-exec-10] INFO  c.m.h.service.Impl.SearchServiceImpl.getPostsBySourceAndTopics - SearchServiceImpl.getPostsBySource - 0,4,2
27-08-2019 11:01:55.410 [http-nio-443-exec-10] INFO  c.m.h.s.Impl.InvitationServiceImpl.getUnreadInvitationNum - InvitationServiceImpl.getUnreadInvitationNum - t-mehe@microsoft.com
27-08-2019 11:01:55.418 [http-nio-443-exec-1] INFO  c.m.h.service.Impl.UserServiceImpl.getAccounts - UserServiceImpl.getAccounts - t-mehe@microsoft.com
27-08-2019 11:01:55.757 [http-nio-443-exec-5] INFO  c.m.h.service.Impl.UserServiceImpl.getSuggestedAccounts - UserServiceImpl.getSuggestedAccounts - t-mehe@microsoft.com
27-08-2019 11:03:18.865 [http-nio-443-exec-9] INFO  c.m.h.service.Impl.UserServiceImpl.changeSendEmail - UserServiceImpl.changeSendEmail - t-mehe@microsoft.com,true
27-08-2019 11:03:21.959 [http-nio-443-exec-4] INFO  c.m.h.service.Impl.UserServiceImpl.changeSendEmail - UserServiceImpl.changeSendEmail - t-mehe@microsoft.com,false
27-08-2019 11:03:38.182 [http-nio-443-exec-8] INFO  c.m.h.service.Impl.UserServiceImpl.changeSendEmail - UserServiceImpl.changeSendEmail - t-mehe@microsoft.com,true
27-08-2019 11:10:51.810 [main] INFO  c.microsoft.helpit.StartApplication.logStarting - Starting StartApplication on cn-tmehe-0524 with PID 4396 (D:\programs\helpit\target\classes started by t-mehe in D:\programs\helpit)
27-08-2019 11:10:51.813 [main] INFO  c.microsoft.helpit.StartApplication.logStartupProfileInfo - No active profile set, falling back to default profiles: default
27-08-2019 11:10:52.610 [main] INFO  o.s.d.r.c.RepositoryConfigurationDelegate.registerRepositoriesIn - Bootstrapping Spring Data repositories in DEFAULT mode.
27-08-2019 11:10:52.677 [main] INFO  o.s.d.r.c.RepositoryConfigurationDelegate.registerRepositoriesIn - Finished Spring Data repository scanning in 64ms. Found 15 repository interfaces.
27-08-2019 11:10:53.010 [main] INFO  o.s.b.w.e.tomcat.TomcatWebServer.initialize - Tomcat initialized with port(s): 443 (http)
27-08-2019 11:10:53.026 [main] INFO  o.a.catalina.core.StandardService.log - Starting service [Tomcat]
27-08-2019 11:10:53.027 [main] INFO  o.a.catalina.core.StandardEngine.log - Starting Servlet engine: [Apache Tomcat/9.0.19]
27-08-2019 11:10:53.103 [main] INFO  o.a.c.c.C.[Tomcat].[localhost].[/].log - Initializing Spring embedded WebApplicationContext
27-08-2019 11:10:53.104 [main] INFO  o.s.web.context.ContextLoader.prepareWebApplicationContext - Root WebApplicationContext: initialization completed in 1259 ms
27-08-2019 11:10:53.444 [main] INFO  org.mongodb.driver.cluster.info - Cluster created with settings {hosts=[helpit.documents.azure.com:10255], mode=MULTIPLE, requiredClusterType=REPLICA_SET, serverSelectionTimeout='30000 ms', maxWaitQueueSize=500, requiredReplicaSetName='globaldb'}
27-08-2019 11:10:53.444 [main] INFO  org.mongodb.driver.cluster.info - Adding discovered server helpit.documents.azure.com:10255 to client view of cluster
27-08-2019 11:10:53.672 [main] INFO  org.mongodb.driver.cluster.info - No server chosen by com.mongodb.client.internal.MongoClientDelegate$1@328902d5 from cluster description ClusterDescription{type=REPLICA_SET, connectionMode=MULTIPLE, serverDescriptions=[ServerDescription{address=helpit.documents.azure.com:10255, type=UNKNOWN, state=CONNECTING}]}. Waiting for 30000 ms before timing out
27-08-2019 11:10:54.187 [cluster-ClusterId{value='5d649f3d231e71112c9fc27b', description='null'}-helpit.documents.azure.com:10255] INFO  org.mongodb.driver.connection.info - Opened connection [connectionId{localValue:1, serverValue:-905992431}] to helpit.documents.azure.com:10255
27-08-2019 11:10:54.286 [cluster-ClusterId{value='5d649f3d231e71112c9fc27b', description='null'}-helpit.documents.azure.com:10255] INFO  org.mongodb.driver.cluster.info - Monitor thread successfully connected to server with description ServerDescription{address=helpit.documents.azure.com:10255, type=REPLICA_SET_PRIMARY, state=CONNECTED, ok=true, version=ServerVersion{versionList=[3, 2, 0]}, minWireVersion=0, maxWireVersion=2, maxDocumentSize=16777216, logicalSessionTimeoutMinutes=null, roundTripTimeNanos=97149200, setName='globaldb', canonicalAddress=cdb-ms-prod-eastasia1-fd5.documents.azure.com:10255, hosts=[cdb-ms-prod-eastasia1-fd5.documents.azure.com:10255], passives=[], arbiters=[], primary='cdb-ms-prod-eastasia1-fd5.documents.azure.com:10255', tagSet=TagSet{[]}, electionId=null, setVersion=1, lastWriteDate=null, lastUpdateTimeNanos=994671995660000}
27-08-2019 11:10:54.287 [cluster-ClusterId{value='5d649f3d231e71112c9fc27b', description='null'}-helpit.documents.azure.com:10255] INFO  org.mongodb.driver.cluster.info - Adding discovered server cdb-ms-prod-eastasia1-fd5.documents.azure.com:10255 to client view of cluster
27-08-2019 11:10:54.287 [cluster-ClusterId{value='5d649f3d231e71112c9fc27b', description='null'}-helpit.documents.azure.com:10255] INFO  org.mongodb.driver.cluster.info - Server helpit.documents.azure.com:10255 is no longer a member of the replica set.  Removing from client view of cluster.
27-08-2019 11:10:54.288 [cluster-ClusterId{value='5d649f3d231e71112c9fc27b', description='null'}-helpit.documents.azure.com:10255] INFO  org.mongodb.driver.cluster.info - Canonical address cdb-ms-prod-eastasia1-fd5.documents.azure.com:10255 does not match server address.  Removing helpit.documents.azure.com:10255 from client view of cluster
27-08-2019 11:10:54.951 [cluster-ClusterId{value='5d649f3d231e71112c9fc27b', description='null'}-cdb-ms-prod-eastasia1-fd5.documents.azure.com:10255] INFO  org.mongodb.driver.connection.info - Opened connection [connectionId{localValue:2, serverValue:-1373709734}] to cdb-ms-prod-eastasia1-fd5.documents.azure.com:10255
27-08-2019 11:10:55.047 [cluster-ClusterId{value='5d649f3d231e71112c9fc27b', description='null'}-cdb-ms-prod-eastasia1-fd5.documents.azure.com:10255] INFO  org.mongodb.driver.cluster.info - Monitor thread successfully connected to server with description ServerDescription{address=cdb-ms-prod-eastasia1-fd5.documents.azure.com:10255, type=REPLICA_SET_PRIMARY, state=CONNECTED, ok=true, version=ServerVersion{versionList=[3, 2, 0]}, minWireVersion=0, maxWireVersion=2, maxDocumentSize=16777216, logicalSessionTimeoutMinutes=null, roundTripTimeNanos=95632200, setName='globaldb', canonicalAddress=cdb-ms-prod-eastasia1-fd5.documents.azure.com:10255, hosts=[cdb-ms-prod-eastasia1-fd5.documents.azure.com:10255], passives=[], arbiters=[], primary='cdb-ms-prod-eastasia1-fd5.documents.azure.com:10255', tagSet=TagSet{[]}, electionId=null, setVersion=1, lastWriteDate=null, lastUpdateTimeNanos=994672757093500}
27-08-2019 11:10:55.048 [cluster-ClusterId{value='5d649f3d231e71112c9fc27b', description='null'}-cdb-ms-prod-eastasia1-fd5.documents.azure.com:10255] INFO  org.mongodb.driver.cluster.info - Setting max set version to 1 from replica set primary cdb-ms-prod-eastasia1-fd5.documents.azure.com:10255
27-08-2019 11:10:55.048 [cluster-ClusterId{value='5d649f3d231e71112c9fc27b', description='null'}-cdb-ms-prod-eastasia1-fd5.documents.azure.com:10255] INFO  org.mongodb.driver.cluster.info - Discovered replica set primary cdb-ms-prod-eastasia1-fd5.documents.azure.com:10255
27-08-2019 11:10:56.019 [main] INFO  org.mongodb.driver.connection.info - Opened connection [connectionId{localValue:3, serverValue:-839393444}] to cdb-ms-prod-eastasia1-fd5.documents.azure.com:10255
27-08-2019 11:10:58.266 [main] INFO  o.s.s.c.ThreadPoolTaskExecutor.initialize - Initializing ExecutorService 'applicationTaskExecutor'
27-08-2019 11:10:58.495 [main] INFO  o.s.b.w.e.tomcat.TomcatWebServer.start - Tomcat started on port(s): 443 (http) with context path ''
27-08-2019 11:10:58.496 [main] INFO  c.microsoft.helpit.StartApplication.logStarted - Started StartApplication in 6.996 seconds (JVM running for 7.623)
27-08-2019 11:11:00.721 [http-nio-443-exec-1] INFO  o.a.tomcat.util.http.parser.Cookie.log - A cookie header was received [:0.9431499966992505:checkAccount=false; JSESSIONID=694111BC1D53E73411F1950F4BC6C107; __session:0.36676418898428564:checkAccount=false; __session:0.36676418898428564:notification=[["Set to allow email notifications successfully.","8/27/2019, 11:03:38 AM"],["Turn off email notifications successfully.","8/27/2019, 11:03:22 AM"],["Set to allow email notifications successfully.","8/27/2019, 11:03:19 AM"]]] that contained an invalid cookie. That cookie will be ignored.
 Note: further occurrences of this error will be logged at DEBUG level.
27-08-2019 11:11:00.726 [http-nio-443-exec-1] INFO  o.a.c.c.C.[Tomcat].[localhost].[/].log - Initializing Spring DispatcherServlet 'dispatcherServlet'
27-08-2019 11:11:00.726 [http-nio-443-exec-1] INFO  o.s.web.servlet.DispatcherServlet.initServletBean - Initializing Servlet 'dispatcherServlet'
27-08-2019 11:11:00.731 [http-nio-443-exec-1] INFO  o.s.web.servlet.DispatcherServlet.initServletBean - Completed initialization in 4 ms
27-08-2019 11:11:03.047 [pool-1-thread-1] INFO  c.m.a.adal4j.AuthenticationAuthority.doInstanceDiscovery - [Correlation ID: 356a23c3-6efe-43ed-9282-69aafde30b68] Instance discovery was successful
27-08-2019 11:11:04.796 [http-nio-443-exec-5] INFO  c.m.h.s.Impl.InvitationServiceImpl.getUnreadInvitationNum - InvitationServiceImpl.getUnreadInvitationNum - t-mehe@microsoft.com
27-08-2019 11:11:04.797 [http-nio-443-exec-4] INFO  c.m.h.service.Impl.UserServiceImpl.isBlank - UserServiceImpl.isBlank - t-mehe@microsoft.com
27-08-2019 11:11:04.799 [http-nio-443-exec-6] INFO  c.m.h.s.Impl.KeywordServiceImpl.getHotKeywords - KeywordServiceImpl.getHotKeywords - 10
27-08-2019 11:11:04.799 [http-nio-443-exec-10] INFO  c.m.h.service.Impl.TopicServiceImpl.getTopTopics - TopicServiceImpl.getTopTopics - 10
27-08-2019 11:11:04.799 [http-nio-443-exec-7] INFO  c.m.h.service.Impl.TopicServiceImpl.getTopicsByUpn - TopicServiceImpl.getTopicsByUpn - t-mehe@microsoft.com
27-08-2019 11:11:04.799 [http-nio-443-exec-8] INFO  c.m.h.service.Impl.SourceServiceImpl.getSubscribedSources - SourceServiceImpl.getSubscribedSources - t-mehe@microsoft.com
27-08-2019 11:11:04.983 [http-nio-443-exec-9] INFO  c.m.h.s.Impl.KeywordServiceImpl.getAllKeywords - KeywordServiceImpl.getAllKeywords
27-08-2019 11:11:05.783 [http-nio-443-exec-4] INFO  org.mongodb.driver.connection.info - Opened connection [connectionId{localValue:4, serverValue:-756790484}] to cdb-ms-prod-eastasia1-fd5.documents.azure.com:10255
27-08-2019 11:11:05.793 [http-nio-443-exec-6] INFO  org.mongodb.driver.connection.info - Opened connection [connectionId{localValue:6, serverValue:28564159}] to cdb-ms-prod-eastasia1-fd5.documents.azure.com:10255
27-08-2019 11:11:05.796 [http-nio-443-exec-10] INFO  org.mongodb.driver.connection.info - Opened connection [connectionId{localValue:8, serverValue:-1868595669}] to cdb-ms-prod-eastasia1-fd5.documents.azure.com:10255
27-08-2019 11:11:05.796 [http-nio-443-exec-5] INFO  org.mongodb.driver.connection.info - Opened connection [connectionId{localValue:7, serverValue:-1779180516}] to cdb-ms-prod-eastasia1-fd5.documents.azure.com:10255
27-08-2019 11:11:05.799 [http-nio-443-exec-8] INFO  org.mongodb.driver.connection.info - Opened connection [connectionId{localValue:5, serverValue:-1779508684}] to cdb-ms-prod-eastasia1-fd5.documents.azure.com:10255
27-08-2019 11:11:05.955 [http-nio-443-exec-1] INFO  c.m.h.service.Impl.SearchServiceImpl.getPostsBySourceAndTopics - SearchServiceImpl.getPostsBySource - 0,4,2
27-08-2019 11:11:10.676 [http-nio-443-exec-4] INFO  c.m.h.s.Impl.InvitationServiceImpl.getUnreadInvitationNum - InvitationServiceImpl.getUnreadInvitationNum - t-mehe@microsoft.com
27-08-2019 11:11:10.682 [http-nio-443-exec-5] INFO  c.m.h.service.Impl.UserServiceImpl.getSendEmail - UserServiceImpl.changeSendEmail - t-mehe@microsoft.com
27-08-2019 11:11:10.682 [http-nio-443-exec-8] INFO  c.m.h.service.Impl.UserServiceImpl.getAccounts - UserServiceImpl.getAccounts - t-mehe@microsoft.com
27-08-2019 11:11:10.998 [http-nio-443-exec-10] INFO  c.m.h.service.Impl.UserServiceImpl.getSuggestedAccounts - UserServiceImpl.getSuggestedAccounts - t-mehe@microsoft.com
27-08-2019 11:13:00.784 [http-nio-443-exec-1] INFO  c.m.h.s.Impl.InvitationServiceImpl.getUnreadInvitationNum - InvitationServiceImpl.getUnreadInvitationNum - t-mehe@microsoft.com
27-08-2019 11:13:00.791 [http-nio-443-exec-2] INFO  c.m.h.service.Impl.UserServiceImpl.getAccounts - UserServiceImpl.getAccounts - t-mehe@microsoft.com
27-08-2019 11:13:00.792 [http-nio-443-exec-3] INFO  c.m.h.service.Impl.UserServiceImpl.getSendEmail - UserServiceImpl.changeSendEmail - t-mehe@microsoft.com
27-08-2019 11:13:01.096 [http-nio-443-exec-9] INFO  c.m.h.service.Impl.UserServiceImpl.getSuggestedAccounts - UserServiceImpl.getSuggestedAccounts - t-mehe@microsoft.com
27-08-2019 11:22:24.603 [main] INFO  c.microsoft.helpit.StartApplication.logStarting - Starting StartApplication on cn-tmehe-0524 with PID 15080 (D:\programs\helpit\target\classes started by t-mehe in D:\programs\helpit)
27-08-2019 11:22:24.606 [main] INFO  c.microsoft.helpit.StartApplication.logStartupProfileInfo - No active profile set, falling back to default profiles: default
27-08-2019 11:22:25.324 [main] INFO  o.s.d.r.c.RepositoryConfigurationDelegate.registerRepositoriesIn - Bootstrapping Spring Data repositories in DEFAULT mode.
27-08-2019 11:22:25.400 [main] INFO  o.s.d.r.c.RepositoryConfigurationDelegate.registerRepositoriesIn - Finished Spring Data repository scanning in 73ms. Found 15 repository interfaces.
27-08-2019 11:22:25.828 [main] INFO  o.s.b.w.e.tomcat.TomcatWebServer.initialize - Tomcat initialized with port(s): 443 (http)
27-08-2019 11:22:25.844 [main] INFO  o.a.catalina.core.StandardService.log - Starting service [Tomcat]
27-08-2019 11:22:25.844 [main] INFO  o.a.catalina.core.StandardEngine.log - Starting Servlet engine: [Apache Tomcat/9.0.19]
27-08-2019 11:22:27.039 [main] INFO  o.a.c.c.C.[Tomcat].[localhost].[/].log - Initializing Spring embedded WebApplicationContext
27-08-2019 11:22:27.040 [main] INFO  o.s.web.context.ContextLoader.prepareWebApplicationContext - Root WebApplicationContext: initialization completed in 2407 ms
27-08-2019 11:22:27.358 [main] INFO  org.mongodb.driver.cluster.info - Cluster created with settings {hosts=[helpit.documents.azure.com:10255], mode=MULTIPLE, requiredClusterType=REPLICA_SET, serverSelectionTimeout='30000 ms', maxWaitQueueSize=500, requiredReplicaSetName='globaldb'}
27-08-2019 11:22:27.359 [main] INFO  org.mongodb.driver.cluster.info - Adding discovered server helpit.documents.azure.com:10255 to client view of cluster
27-08-2019 11:22:27.579 [main] INFO  org.mongodb.driver.cluster.info - No server chosen by com.mongodb.client.internal.MongoClientDelegate$1@72e789cb from cluster description ClusterDescription{type=REPLICA_SET, connectionMode=MULTIPLE, serverDescriptions=[ServerDescription{address=helpit.documents.azure.com:10255, type=UNKNOWN, state=CONNECTING}]}. Waiting for 30000 ms before timing out
27-08-2019 11:22:28.199 [cluster-ClusterId{value='5d64a1f3231e713ae8411f00', description='null'}-helpit.documents.azure.com:10255] INFO  org.mongodb.driver.connection.info - Opened connection [connectionId{localValue:1, serverValue:-541558434}] to helpit.documents.azure.com:10255
27-08-2019 11:22:28.298 [cluster-ClusterId{value='5d64a1f3231e713ae8411f00', description='null'}-helpit.documents.azure.com:10255] INFO  org.mongodb.driver.cluster.info - Monitor thread successfully connected to server with description ServerDescription{address=helpit.documents.azure.com:10255, type=REPLICA_SET_PRIMARY, state=CONNECTED, ok=true, version=ServerVersion{versionList=[3, 2, 0]}, minWireVersion=0, maxWireVersion=2, maxDocumentSize=16777216, logicalSessionTimeoutMinutes=null, roundTripTimeNanos=97112400, setName='globaldb', canonicalAddress=cdb-ms-prod-eastasia1-fd5.documents.azure.com:10255, hosts=[cdb-ms-prod-eastasia1-fd5.documents.azure.com:10255], passives=[], arbiters=[], primary='cdb-ms-prod-eastasia1-fd5.documents.azure.com:10255', tagSet=TagSet{[]}, electionId=null, setVersion=1, lastWriteDate=null, lastUpdateTimeNanos=995366004739900}
27-08-2019 11:22:28.299 [cluster-ClusterId{value='5d64a1f3231e713ae8411f00', description='null'}-helpit.documents.azure.com:10255] INFO  org.mongodb.driver.cluster.info - Adding discovered server cdb-ms-prod-eastasia1-fd5.documents.azure.com:10255 to client view of cluster
27-08-2019 11:22:28.299 [cluster-ClusterId{value='5d64a1f3231e713ae8411f00', description='null'}-helpit.documents.azure.com:10255] INFO  org.mongodb.driver.cluster.info - Server helpit.documents.azure.com:10255 is no longer a member of the replica set.  Removing from client view of cluster.
27-08-2019 11:22:28.301 [cluster-ClusterId{value='5d64a1f3231e713ae8411f00', description='null'}-helpit.documents.azure.com:10255] INFO  org.mongodb.driver.cluster.info - Canonical address cdb-ms-prod-eastasia1-fd5.documents.azure.com:10255 does not match server address.  Removing helpit.documents.azure.com:10255 from client view of cluster
27-08-2019 11:22:28.952 [cluster-ClusterId{value='5d64a1f3231e713ae8411f00', description='null'}-cdb-ms-prod-eastasia1-fd5.documents.azure.com:10255] INFO  org.mongodb.driver.connection.info - Opened connection [connectionId{localValue:2, serverValue:-78093719}] to cdb-ms-prod-eastasia1-fd5.documents.azure.com:10255
27-08-2019 11:22:29.049 [cluster-ClusterId{value='5d64a1f3231e713ae8411f00', description='null'}-cdb-ms-prod-eastasia1-fd5.documents.azure.com:10255] INFO  org.mongodb.driver.cluster.info - Monitor thread successfully connected to server with description ServerDescription{address=cdb-ms-prod-eastasia1-fd5.documents.azure.com:10255, type=REPLICA_SET_PRIMARY, state=CONNECTED, ok=true, version=ServerVersion{versionList=[3, 2, 0]}, minWireVersion=0, maxWireVersion=2, maxDocumentSize=16777216, logicalSessionTimeoutMinutes=null, roundTripTimeNanos=96643200, setName='globaldb', canonicalAddress=cdb-ms-prod-eastasia1-fd5.documents.azure.com:10255, hosts=[cdb-ms-prod-eastasia1-fd5.documents.azure.com:10255], passives=[], arbiters=[], primary='cdb-ms-prod-eastasia1-fd5.documents.azure.com:10255', tagSet=TagSet{[]}, electionId=null, setVersion=1, lastWriteDate=null, lastUpdateTimeNanos=995366755830600}
27-08-2019 11:22:29.050 [cluster-ClusterId{value='5d64a1f3231e713ae8411f00', description='null'}-cdb-ms-prod-eastasia1-fd5.documents.azure.com:10255] INFO  org.mongodb.driver.cluster.info - Setting max set version to 1 from replica set primary cdb-ms-prod-eastasia1-fd5.documents.azure.com:10255
27-08-2019 11:22:29.050 [cluster-ClusterId{value='5d64a1f3231e713ae8411f00', description='null'}-cdb-ms-prod-eastasia1-fd5.documents.azure.com:10255] INFO  org.mongodb.driver.cluster.info - Discovered replica set primary cdb-ms-prod-eastasia1-fd5.documents.azure.com:10255
27-08-2019 11:22:30.016 [main] INFO  org.mongodb.driver.connection.info - Opened connection [connectionId{localValue:3, serverValue:-1880369022}] to cdb-ms-prod-eastasia1-fd5.documents.azure.com:10255
27-08-2019 11:22:32.177 [main] INFO  o.s.s.c.ThreadPoolTaskExecutor.initialize - Initializing ExecutorService 'applicationTaskExecutor'
27-08-2019 11:22:32.362 [main] INFO  o.s.b.w.e.tomcat.TomcatWebServer.start - Tomcat started on port(s): 443 (http) with context path ''
27-08-2019 11:22:32.364 [main] INFO  c.microsoft.helpit.StartApplication.logStarted - Started StartApplication in 8.005 seconds (JVM running for 9.631)
27-08-2019 11:22:32.597 [http-nio-443-exec-1] INFO  o.a.tomcat.util.http.parser.Cookie.log - A cookie header was received [:0.9431499966992505:checkAccount=false; __session:0.36676418898428564:checkAccount=false; __session:0.36676418898428564:notification=[["Set to allow email notifications successfully.","8/27/2019, 11:03:38 AM"],["Turn off email notifications successfully.","8/27/2019, 11:03:22 AM"],["Set to allow email notifications successfully.","8/27/2019, 11:03:19 AM"]]; JSESSIONID=63F1D0FA61D85210816F27E3A9311112; __session:0.6869635241820127:checkAccount=false] that contained an invalid cookie. That cookie will be ignored.
 Note: further occurrences of this error will be logged at DEBUG level.
27-08-2019 11:22:32.601 [http-nio-443-exec-1] INFO  o.a.c.c.C.[Tomcat].[localhost].[/].log - Initializing Spring DispatcherServlet 'dispatcherServlet'
27-08-2019 11:22:32.602 [http-nio-443-exec-1] INFO  o.s.web.servlet.DispatcherServlet.initServletBean - Initializing Servlet 'dispatcherServlet'
27-08-2019 11:22:32.607 [http-nio-443-exec-1] INFO  o.s.web.servlet.DispatcherServlet.initServletBean - Completed initialization in 5 ms
27-08-2019 11:22:33.960 [pool-1-thread-1] INFO  c.m.a.adal4j.AuthenticationAuthority.doInstanceDiscovery - [Correlation ID: 40f762f6-e9ac-4fd8-b443-b0ec57532acf] Instance discovery was successful
27-08-2019 11:22:36.391 [http-nio-443-exec-8] INFO  c.m.h.s.Impl.InvitationServiceImpl.getUnreadInvitationNum - InvitationServiceImpl.getUnreadInvitationNum - t-mehe@microsoft.com
27-08-2019 11:22:36.392 [http-nio-443-exec-9] INFO  c.m.h.service.Impl.ReportServiceImpl.getUserScoresByTime - ReportServiceImpl.getUserScoresByTime - week
27-08-2019 11:22:36.393 [http-nio-443-exec-10] INFO  c.m.h.service.Impl.TopicServiceImpl.getTopTopics - TopicServiceImpl.getTopTopics - 10
27-08-2019 11:22:36.396 [http-nio-443-exec-1] INFO  c.m.h.s.Impl.KeywordServiceImpl.getHotKeywords - KeywordServiceImpl.getHotKeywords - 12
27-08-2019 11:22:36.397 [http-nio-443-exec-3] INFO  c.m.h.service.Impl.ReportServiceImpl.getReplyCount - ReportServiceImpl.getReplyCount - week
27-08-2019 11:22:36.571 [http-nio-443-exec-5] INFO  c.m.h.service.Impl.ReportServiceImpl.getVisitCount - ReportServiceImpl.getVisitCount - week
27-08-2019 11:22:37.357 [http-nio-443-exec-1] INFO  org.mongodb.driver.connection.info - Opened connection [connectionId{localValue:4, serverValue:1468655054}] to cdb-ms-prod-eastasia1-fd5.documents.azure.com:10255
27-08-2019 11:22:37.368 [http-nio-443-exec-10] INFO  org.mongodb.driver.connection.info - Opened connection [connectionId{localValue:8, serverValue:-1309534637}] to cdb-ms-prod-eastasia1-fd5.documents.azure.com:10255
27-08-2019 11:22:37.376 [http-nio-443-exec-9] INFO  org.mongodb.driver.connection.info - Opened connection [connectionId{localValue:6, serverValue:-1208977293}] to cdb-ms-prod-eastasia1-fd5.documents.azure.com:10255
27-08-2019 11:22:37.378 [http-nio-443-exec-3] INFO  org.mongodb.driver.connection.info - Opened connection [connectionId{localValue:7, serverValue:56708236}] to cdb-ms-prod-eastasia1-fd5.documents.azure.com:10255
27-08-2019 11:22:37.385 [http-nio-443-exec-8] INFO  org.mongodb.driver.connection.info - Opened connection [connectionId{localValue:5, serverValue:1923737782}] to cdb-ms-prod-eastasia1-fd5.documents.azure.com:10255
27-08-2019 11:23:46.940 [http-nio-443-exec-1] INFO  c.m.h.s.Impl.InvitationServiceImpl.getUnreadInvitationNum - InvitationServiceImpl.getUnreadInvitationNum - t-mehe@microsoft.com
27-08-2019 11:23:46.945 [http-nio-443-exec-4] INFO  c.m.h.service.Impl.SourceServiceImpl.getAllSources - SourceServiceImpl.getAllSources
27-08-2019 11:23:47.059 [http-nio-443-exec-7] INFO  c.m.h.service.Impl.SourceServiceImpl.getSubscribedSources - SourceServiceImpl.getSubscribedSources - t-mehe@microsoft.com
27-08-2019 11:23:51.488 [http-nio-443-exec-5] INFO  c.m.h.s.Impl.InvitationServiceImpl.getUnreadInvitationNum - InvitationServiceImpl.getUnreadInvitationNum - t-mehe@microsoft.com
27-08-2019 11:23:51.495 [http-nio-443-exec-10] INFO  c.m.h.service.Impl.UserServiceImpl.getAccounts - UserServiceImpl.getAccounts - t-mehe@microsoft.com
27-08-2019 11:23:51.498 [http-nio-443-exec-9] INFO  c.m.h.service.Impl.UserServiceImpl.getSendEmail - UserServiceImpl.changeSendEmail - t-mehe@microsoft.com
27-08-2019 11:23:51.815 [http-nio-443-exec-8] INFO  c.m.h.service.Impl.UserServiceImpl.getSuggestedAccounts - UserServiceImpl.getSuggestedAccounts - t-mehe@microsoft.com
27-08-2019 11:24:04.093 [http-nio-443-exec-1] INFO  c.m.h.service.Impl.UserServiceImpl.checkAccount - UserServiceImpl.checkAccount - 10300444,stackoverflow
27-08-2019 11:24:04.093 [http-nio-443-exec-1] INFO  c.m.h.service.Impl.UserServiceImpl.checkStackoverflowAccount - UserServiceImpl.checkStackoverflowAccount - 10300444
27-08-2019 11:24:05.269 [http-nio-443-exec-4] INFO  c.m.h.service.Impl.UserServiceImpl.checkAccount - UserServiceImpl.checkAccount - 46290001920,yammer
27-08-2019 11:24:05.270 [http-nio-443-exec-4] INFO  c.m.h.service.Impl.UserServiceImpl.checkYammerAccount - UserServiceImpl.checkYammerAccount - 46290001920
27-08-2019 11:24:06.664 [http-nio-443-exec-7] INFO  c.m.h.service.Impl.UserServiceImpl.modifyAccount - UserServiceImpl.modifyAccount - 2
27-08-2019 11:25:08.034 [http-nio-443-exec-8] INFO  c.m.h.s.Impl.InvitationServiceImpl.getUnreadInvitationNum - InvitationServiceImpl.getUnreadInvitationNum - t-mehe@microsoft.com
27-08-2019 11:25:08.044 [http-nio-443-exec-1] INFO  c.m.h.service.Impl.UserServiceImpl.getAccounts - UserServiceImpl.getAccounts - t-mehe@microsoft.com
27-08-2019 11:25:08.045 [http-nio-443-exec-4] INFO  c.m.h.service.Impl.UserServiceImpl.getSendEmail - UserServiceImpl.changeSendEmail - t-mehe@microsoft.com
27-08-2019 11:25:08.350 [http-nio-443-exec-6] INFO  c.m.h.service.Impl.UserServiceImpl.getSuggestedAccounts - UserServiceImpl.getSuggestedAccounts - t-mehe@microsoft.com
27-08-2019 11:25:14.477 [http-nio-443-exec-3] INFO  c.m.h.service.Impl.UserServiceImpl.checkAccount - UserServiceImpl.checkAccount - 10300444,stackoverflow
27-08-2019 11:25:14.477 [http-nio-443-exec-3] INFO  c.m.h.service.Impl.UserServiceImpl.checkStackoverflowAccount - UserServiceImpl.checkStackoverflowAccount - 10300444
27-08-2019 11:25:15.352 [http-nio-443-exec-2] INFO  c.m.h.service.Impl.UserServiceImpl.checkAccount - UserServiceImpl.checkAccount - 46290001920,yammer
27-08-2019 11:25:15.352 [http-nio-443-exec-2] INFO  c.m.h.service.Impl.UserServiceImpl.checkYammerAccount - UserServiceImpl.checkYammerAccount - 46290001920
27-08-2019 11:25:16.708 [http-nio-443-exec-5] INFO  c.m.h.service.Impl.UserServiceImpl.modifyAccount - UserServiceImpl.modifyAccount - 2
27-08-2019 11:25:21.984 [http-nio-443-exec-7] INFO  c.m.h.s.Impl.InvitationServiceImpl.getUnreadInvitationNum - InvitationServiceImpl.getUnreadInvitationNum - t-mehe@microsoft.com
27-08-2019 11:25:21.992 [http-nio-443-exec-4] INFO  c.m.h.service.Impl.TopicServiceImpl.getTopicsByUpn - TopicServiceImpl.getTopicsByUpn - t-mehe@microsoft.com
27-08-2019 11:25:21.992 [http-nio-443-exec-8] INFO  c.m.h.s.Impl.KeywordServiceImpl.getHotKeywords - KeywordServiceImpl.getHotKeywords - 10
27-08-2019 11:25:21.993 [http-nio-443-exec-1] INFO  c.m.h.service.Impl.SourceServiceImpl.getSubscribedSources - SourceServiceImpl.getSubscribedSources - t-mehe@microsoft.com
27-08-2019 11:25:21.995 [http-nio-443-exec-6] INFO  c.m.h.service.Impl.TopicServiceImpl.getTopTopics - TopicServiceImpl.getTopTopics - 10
27-08-2019 11:25:21.999 [http-nio-443-exec-3] INFO  c.m.h.s.Impl.KeywordServiceImpl.getAllKeywords - KeywordServiceImpl.getAllKeywords
27-08-2019 11:25:22.104 [http-nio-443-exec-2] INFO  c.m.h.service.Impl.SearchServiceImpl.getPostsBySourceAndTopics - SearchServiceImpl.getPostsBySource - 0,4,2
27-08-2019 11:25:37.564 [http-nio-443-exec-9] INFO  c.m.h.s.Impl.InvitationServiceImpl.getUnreadInvitationNum - InvitationServiceImpl.getUnreadInvitationNum - t-mehe@microsoft.com
27-08-2019 11:25:37.570 [http-nio-443-exec-10] INFO  c.m.h.s.Impl.KeywordServiceImpl.getHotKeywords - KeywordServiceImpl.getHotKeywords - 10
27-08-2019 11:25:37.571 [http-nio-443-exec-7] INFO  c.m.h.service.Impl.TopicServiceImpl.getTopicsByUpn - TopicServiceImpl.getTopicsByUpn - t-mehe@microsoft.com
27-08-2019 11:25:37.572 [http-nio-443-exec-4] INFO  c.m.h.service.Impl.SourceServiceImpl.getSubscribedSources - SourceServiceImpl.getSubscribedSources - t-mehe@microsoft.com
27-08-2019 11:25:37.574 [http-nio-443-exec-3] INFO  c.m.h.s.Impl.KeywordServiceImpl.getAllKeywords - KeywordServiceImpl.getAllKeywords
27-08-2019 11:25:37.574 [http-nio-443-exec-1] INFO  c.m.h.service.Impl.TopicServiceImpl.getTopTopics - TopicServiceImpl.getTopTopics - 10
27-08-2019 11:25:37.682 [http-nio-443-exec-2] INFO  c.m.h.service.Impl.SearchServiceImpl.getPostsBySourceAndTopics - SearchServiceImpl.getPostsBySource - 0,4,2
27-08-2019 11:25:46.164 [http-nio-443-exec-6] INFO  c.m.h.s.Impl.InvitationServiceImpl.getUnreadInvitationNum - InvitationServiceImpl.getUnreadInvitationNum - t-mehe@microsoft.com
27-08-2019 11:25:46.174 [http-nio-443-exec-7] INFO  c.m.h.s.Impl.KeywordServiceImpl.getHotKeywords - KeywordServiceImpl.getHotKeywords - 10
27-08-2019 11:25:46.176 [http-nio-443-exec-4] INFO  c.m.h.service.Impl.TopicServiceImpl.getTopicsByUpn - TopicServiceImpl.getTopicsByUpn - t-mehe@microsoft.com
27-08-2019 11:25:46.176 [http-nio-443-exec-3] INFO  c.m.h.service.Impl.SourceServiceImpl.getSubscribedSources - SourceServiceImpl.getSubscribedSources - t-mehe@microsoft.com
27-08-2019 11:25:46.179 [http-nio-443-exec-1] INFO  c.m.h.service.Impl.TopicServiceImpl.getTopTopics - TopicServiceImpl.getTopTopics - 10
27-08-2019 11:25:46.181 [http-nio-443-exec-10] INFO  c.m.h.s.Impl.KeywordServiceImpl.getAllKeywords - KeywordServiceImpl.getAllKeywords
27-08-2019 11:25:46.291 [http-nio-443-exec-2] INFO  c.m.h.service.Impl.SearchServiceImpl.getPostsBySourceAndTopics - SearchServiceImpl.getPostsBySource - 0,4,2
27-08-2019 11:25:53.158 [http-nio-443-exec-8] INFO  c.m.h.s.Impl.InvitationServiceImpl.getUnreadInvitationNum - InvitationServiceImpl.getUnreadInvitationNum - t-mehe@microsoft.com
27-08-2019 11:25:53.168 [http-nio-443-exec-6] INFO  c.m.h.service.Impl.UserServiceImpl.getAccounts - UserServiceImpl.getAccounts - t-mehe@microsoft.com
27-08-2019 11:25:53.168 [http-nio-443-exec-3] INFO  c.m.h.service.Impl.UserServiceImpl.getSendEmail - UserServiceImpl.changeSendEmail - t-mehe@microsoft.com
27-08-2019 11:25:53.482 [http-nio-443-exec-10] INFO  c.m.h.service.Impl.UserServiceImpl.getSuggestedAccounts - UserServiceImpl.getSuggestedAccounts - t-mehe@microsoft.com
27-08-2019 11:26:37.266 [main] INFO  c.m.helpit.DemoApplicationTests.logStarting - Starting DemoApplicationTests on cn-tmehe-0524 with PID 32168 (started by t-mehe in D:\programs\helpit)
27-08-2019 11:26:37.268 [main] INFO  c.m.helpit.DemoApplicationTests.logStartupProfileInfo - No active profile set, falling back to default profiles: default
27-08-2019 11:26:37.851 [main] INFO  o.s.d.r.c.RepositoryConfigurationDelegate.registerRepositoriesIn - Bootstrapping Spring Data repositories in DEFAULT mode.
27-08-2019 11:26:37.973 [main] INFO  o.s.d.r.c.RepositoryConfigurationDelegate.registerRepositoriesIn - Finished Spring Data repository scanning in 116ms. Found 15 repository interfaces.
27-08-2019 11:26:38.852 [main] INFO  org.mongodb.driver.cluster.info - Cluster created with settings {hosts=[helpit.documents.azure.com:10255], mode=MULTIPLE, requiredClusterType=REPLICA_SET, serverSelectionTimeout='30000 ms', maxWaitQueueSize=500, requiredReplicaSetName='globaldb'}
27-08-2019 11:26:38.853 [main] INFO  org.mongodb.driver.cluster.info - Adding discovered server helpit.documents.azure.com:10255 to client view of cluster
27-08-2019 11:26:39.151 [main] INFO  org.mongodb.driver.cluster.info - No server chosen by com.mongodb.client.internal.MongoClientDelegate$1@664e5dee from cluster description ClusterDescription{type=REPLICA_SET, connectionMode=MULTIPLE, serverDescriptions=[ServerDescription{address=helpit.documents.azure.com:10255, type=UNKNOWN, state=CONNECTING}]}. Waiting for 30000 ms before timing out
27-08-2019 11:26:39.584 [cluster-ClusterId{value='5d64a2ee231e717da8a16bd3', description='null'}-helpit.documents.azure.com:10255] INFO  org.mongodb.driver.connection.info - Opened connection [connectionId{localValue:1, serverValue:235169052}] to helpit.documents.azure.com:10255
27-08-2019 11:26:39.690 [cluster-ClusterId{value='5d64a2ee231e717da8a16bd3', description='null'}-helpit.documents.azure.com:10255] INFO  org.mongodb.driver.cluster.info - Monitor thread successfully connected to server with description ServerDescription{address=helpit.documents.azure.com:10255, type=REPLICA_SET_PRIMARY, state=CONNECTED, ok=true, version=ServerVersion{versionList=[3, 2, 0]}, minWireVersion=0, maxWireVersion=2, maxDocumentSize=16777216, logicalSessionTimeoutMinutes=null, roundTripTimeNanos=101668000, setName='globaldb', canonicalAddress=cdb-ms-prod-eastasia1-fd5.documents.azure.com:10255, hosts=[cdb-ms-prod-eastasia1-fd5.documents.azure.com:10255], passives=[], arbiters=[], primary='cdb-ms-prod-eastasia1-fd5.documents.azure.com:10255', tagSet=TagSet{[]}, electionId=null, setVersion=1, lastWriteDate=null, lastUpdateTimeNanos=995617392586300}
27-08-2019 11:26:39.693 [cluster-ClusterId{value='5d64a2ee231e717da8a16bd3', description='null'}-helpit.documents.azure.com:10255] INFO  org.mongodb.driver.cluster.info - Adding discovered server cdb-ms-prod-eastasia1-fd5.documents.azure.com:10255 to client view of cluster
27-08-2019 11:26:39.695 [cluster-ClusterId{value='5d64a2ee231e717da8a16bd3', description='null'}-helpit.documents.azure.com:10255] INFO  org.mongodb.driver.cluster.info - Server helpit.documents.azure.com:10255 is no longer a member of the replica set.  Removing from client view of cluster.
27-08-2019 11:26:39.698 [cluster-ClusterId{value='5d64a2ee231e717da8a16bd3', description='null'}-helpit.documents.azure.com:10255] INFO  org.mongodb.driver.cluster.info - Canonical address cdb-ms-prod-eastasia1-fd5.documents.azure.com:10255 does not match server address.  Removing helpit.documents.azure.com:10255 from client view of cluster
27-08-2019 11:26:40.397 [cluster-ClusterId{value='5d64a2ee231e717da8a16bd3', description='null'}-cdb-ms-prod-eastasia1-fd5.documents.azure.com:10255] INFO  org.mongodb.driver.connection.info - Opened connection [connectionId{localValue:2, serverValue:1756660920}] to cdb-ms-prod-eastasia1-fd5.documents.azure.com:10255
27-08-2019 11:26:40.496 [cluster-ClusterId{value='5d64a2ee231e717da8a16bd3', description='null'}-cdb-ms-prod-eastasia1-fd5.documents.azure.com:10255] INFO  org.mongodb.driver.cluster.info - Monitor thread successfully connected to server with description ServerDescription{address=cdb-ms-prod-eastasia1-fd5.documents.azure.com:10255, type=REPLICA_SET_PRIMARY, state=CONNECTED, ok=true, version=ServerVersion{versionList=[3, 2, 0]}, minWireVersion=0, maxWireVersion=2, maxDocumentSize=16777216, logicalSessionTimeoutMinutes=null, roundTripTimeNanos=97200800, setName='globaldb', canonicalAddress=cdb-ms-prod-eastasia1-fd5.documents.azure.com:10255, hosts=[cdb-ms-prod-eastasia1-fd5.documents.azure.com:10255], passives=[], arbiters=[], primary='cdb-ms-prod-eastasia1-fd5.documents.azure.com:10255', tagSet=TagSet{[]}, electionId=null, setVersion=1, lastWriteDate=null, lastUpdateTimeNanos=995618199039600}
27-08-2019 11:26:40.497 [cluster-ClusterId{value='5d64a2ee231e717da8a16bd3', description='null'}-cdb-ms-prod-eastasia1-fd5.documents.azure.com:10255] INFO  org.mongodb.driver.cluster.info - Setting max set version to 1 from replica set primary cdb-ms-prod-eastasia1-fd5.documents.azure.com:10255
27-08-2019 11:26:40.497 [cluster-ClusterId{value='5d64a2ee231e717da8a16bd3', description='null'}-cdb-ms-prod-eastasia1-fd5.documents.azure.com:10255] INFO  org.mongodb.driver.cluster.info - Discovered replica set primary cdb-ms-prod-eastasia1-fd5.documents.azure.com:10255
27-08-2019 11:26:41.483 [main] INFO  org.mongodb.driver.connection.info - Opened connection [connectionId{localValue:3, serverValue:-475608408}] to cdb-ms-prod-eastasia1-fd5.documents.azure.com:10255
27-08-2019 11:26:44.242 [main] INFO  o.s.s.c.ThreadPoolTaskExecutor.initialize - Initializing ExecutorService 'applicationTaskExecutor'
27-08-2019 11:26:44.622 [main] INFO  c.m.helpit.DemoApplicationTests.logStarted - Started DemoApplicationTests in 7.588 seconds (JVM running for 8.616)
27-08-2019 11:26:44.799 [Thread-2] INFO  o.s.s.c.ThreadPoolTaskExecutor.shutdown - Shutting down ExecutorService 'applicationTaskExecutor'
27-08-2019 11:26:44.804 [Thread-2] INFO  org.mongodb.driver.connection.info - Closed connection [connectionId{localValue:3, serverValue:-475608408}] to cdb-ms-prod-eastasia1-fd5.documents.azure.com:10255 because the pool has been closed.
27-08-2019 16:41:23.709 [main] INFO  c.microsoft.helpit.StartApplication.logStarting - Starting StartApplication on cn-tmehe-0524 with PID 10340 (D:\programs\helpit\target\classes started by t-mehe in D:\programs\helpit)
27-08-2019 16:41:23.712 [main] INFO  c.microsoft.helpit.StartApplication.logStartupProfileInfo - No active profile set, falling back to default profiles: default
27-08-2019 16:41:24.376 [main] INFO  o.s.d.r.c.RepositoryConfigurationDelegate.registerRepositoriesIn - Bootstrapping Spring Data repositories in DEFAULT mode.
27-08-2019 16:41:24.445 [main] INFO  o.s.d.r.c.RepositoryConfigurationDelegate.registerRepositoriesIn - Finished Spring Data repository scanning in 65ms. Found 15 repository interfaces.
27-08-2019 16:41:24.779 [main] INFO  o.s.b.w.e.tomcat.TomcatWebServer.initialize - Tomcat initialized with port(s): 443 (http)
27-08-2019 16:41:24.794 [main] INFO  o.a.catalina.core.StandardService.log - Starting service [Tomcat]
27-08-2019 16:41:24.794 [main] INFO  o.a.catalina.core.StandardEngine.log - Starting Servlet engine: [Apache Tomcat/9.0.19]
27-08-2019 16:41:24.870 [main] INFO  o.a.c.c.C.[Tomcat].[localhost].[/].log - Initializing Spring embedded WebApplicationContext
27-08-2019 16:41:24.871 [main] INFO  o.s.web.context.ContextLoader.prepareWebApplicationContext - Root WebApplicationContext: initialization completed in 1134 ms
27-08-2019 16:41:25.224 [main] INFO  org.mongodb.driver.cluster.info - Cluster created with settings {hosts=[helpit.documents.azure.com:10255], mode=MULTIPLE, requiredClusterType=REPLICA_SET, serverSelectionTimeout='30000 ms', maxWaitQueueSize=500, requiredReplicaSetName='globaldb'}
27-08-2019 16:41:25.225 [main] INFO  org.mongodb.driver.cluster.info - Adding discovered server helpit.documents.azure.com:10255 to client view of cluster
27-08-2019 16:41:25.449 [main] INFO  org.mongodb.driver.cluster.info - No server chosen by com.mongodb.client.internal.MongoClientDelegate$1@61e3cf4d from cluster description ClusterDescription{type=REPLICA_SET, connectionMode=MULTIPLE, serverDescriptions=[ServerDescription{address=helpit.documents.azure.com:10255, type=UNKNOWN, state=CONNECTING}]}. Waiting for 30000 ms before timing out
27-08-2019 16:41:26.042 [cluster-ClusterId{value='5d64ecb5231e71286480cba1', description='null'}-helpit.documents.azure.com:10255] INFO  org.mongodb.driver.connection.info - Opened connection [connectionId{localValue:1, serverValue:-1351794684}] to helpit.documents.azure.com:10255
27-08-2019 16:41:26.139 [cluster-ClusterId{value='5d64ecb5231e71286480cba1', description='null'}-helpit.documents.azure.com:10255] INFO  org.mongodb.driver.cluster.info - Monitor thread successfully connected to server with description ServerDescription{address=helpit.documents.azure.com:10255, type=REPLICA_SET_PRIMARY, state=CONNECTED, ok=true, version=ServerVersion{versionList=[3, 2, 0]}, minWireVersion=0, maxWireVersion=2, maxDocumentSize=16777216, logicalSessionTimeoutMinutes=null, roundTripTimeNanos=95821100, setName='globaldb', canonicalAddress=cdb-ms-prod-eastasia1-fd5.documents.azure.com:10255, hosts=[cdb-ms-prod-eastasia1-fd5.documents.azure.com:10255], passives=[], arbiters=[], primary='cdb-ms-prod-eastasia1-fd5.documents.azure.com:10255', tagSet=TagSet{[]}, electionId=null, setVersion=1, lastWriteDate=null, lastUpdateTimeNanos=1014503708484900}
27-08-2019 16:41:26.140 [cluster-ClusterId{value='5d64ecb5231e71286480cba1', description='null'}-helpit.documents.azure.com:10255] INFO  org.mongodb.driver.cluster.info - Adding discovered server cdb-ms-prod-eastasia1-fd5.documents.azure.com:10255 to client view of cluster
27-08-2019 16:41:26.141 [cluster-ClusterId{value='5d64ecb5231e71286480cba1', description='null'}-helpit.documents.azure.com:10255] INFO  org.mongodb.driver.cluster.info - Server helpit.documents.azure.com:10255 is no longer a member of the replica set.  Removing from client view of cluster.
27-08-2019 16:41:26.143 [cluster-ClusterId{value='5d64ecb5231e71286480cba1', description='null'}-helpit.documents.azure.com:10255] INFO  org.mongodb.driver.cluster.info - Canonical address cdb-ms-prod-eastasia1-fd5.documents.azure.com:10255 does not match server address.  Removing helpit.documents.azure.com:10255 from client view of cluster
27-08-2019 16:41:26.792 [cluster-ClusterId{value='5d64ecb5231e71286480cba1', description='null'}-cdb-ms-prod-eastasia1-fd5.documents.azure.com:10255] INFO  org.mongodb.driver.connection.info - Opened connection [connectionId{localValue:2, serverValue:-971437157}] to cdb-ms-prod-eastasia1-fd5.documents.azure.com:10255
27-08-2019 16:41:26.888 [cluster-ClusterId{value='5d64ecb5231e71286480cba1', description='null'}-cdb-ms-prod-eastasia1-fd5.documents.azure.com:10255] INFO  org.mongodb.driver.cluster.info - Monitor thread successfully connected to server with description ServerDescription{address=cdb-ms-prod-eastasia1-fd5.documents.azure.com:10255, type=REPLICA_SET_PRIMARY, state=CONNECTED, ok=true, version=ServerVersion{versionList=[3, 2, 0]}, minWireVersion=0, maxWireVersion=2, maxDocumentSize=16777216, logicalSessionTimeoutMinutes=null, roundTripTimeNanos=95524800, setName='globaldb', canonicalAddress=cdb-ms-prod-eastasia1-fd5.documents.azure.com:10255, hosts=[cdb-ms-prod-eastasia1-fd5.documents.azure.com:10255], passives=[], arbiters=[], primary='cdb-ms-prod-eastasia1-fd5.documents.azure.com:10255', tagSet=TagSet{[]}, electionId=null, setVersion=1, lastWriteDate=null, lastUpdateTimeNanos=1014504456785400}
27-08-2019 16:41:26.888 [cluster-ClusterId{value='5d64ecb5231e71286480cba1', description='null'}-cdb-ms-prod-eastasia1-fd5.documents.azure.com:10255] INFO  org.mongodb.driver.cluster.info - Setting max set version to 1 from replica set primary cdb-ms-prod-eastasia1-fd5.documents.azure.com:10255
27-08-2019 16:41:26.888 [cluster-ClusterId{value='5d64ecb5231e71286480cba1', description='null'}-cdb-ms-prod-eastasia1-fd5.documents.azure.com:10255] INFO  org.mongodb.driver.cluster.info - Discovered replica set primary cdb-ms-prod-eastasia1-fd5.documents.azure.com:10255
27-08-2019 16:41:27.836 [main] INFO  org.mongodb.driver.connection.info - Opened connection [connectionId{localValue:3, serverValue:-691750325}] to cdb-ms-prod-eastasia1-fd5.documents.azure.com:10255
27-08-2019 16:41:29.933 [main] INFO  o.s.s.c.ThreadPoolTaskExecutor.initialize - Initializing ExecutorService 'applicationTaskExecutor'
27-08-2019 16:41:30.123 [main] INFO  o.s.b.w.e.tomcat.TomcatWebServer.start - Tomcat started on port(s): 443 (http) with context path ''
27-08-2019 16:41:30.125 [main] INFO  c.microsoft.helpit.StartApplication.logStarted - Started StartApplication in 6.675 seconds (JVM running for 7.269)
27-08-2019 16:42:04.281 [http-nio-443-exec-1] INFO  o.a.tomcat.util.http.parser.Cookie.log - A cookie header was received [:0.9431499966992505:checkAccount=false; __session:0.36676418898428564:checkAccount=false; __session:0.36676418898428564:notification=[["Set to allow email notifications successfully.","8/27/2019, 11:03:38 AM"],["Turn off email notifications successfully.","8/27/2019, 11:03:22 AM"],["Set to allow email notifications successfully.","8/27/2019, 11:03:19 AM"]]; __session:0.6869635241820127:checkAccount=false; JSESSIONID=20B8013A6A0AFDD62E132CBA582F532E; __session:0.6869635241820127:notification=[["Save accounts successfully.","8/27/2019, 11:25:16 AM"],["Save accounts successfully.","8/27/2019, 11:24:06 AM"]]] that contained an invalid cookie. That cookie will be ignored.
 Note: further occurrences of this error will be logged at DEBUG level.
27-08-2019 16:42:04.289 [http-nio-443-exec-1] INFO  o.a.c.c.C.[Tomcat].[localhost].[/].log - Initializing Spring DispatcherServlet 'dispatcherServlet'
27-08-2019 16:42:04.289 [http-nio-443-exec-1] INFO  o.s.web.servlet.DispatcherServlet.initServletBean - Initializing Servlet 'dispatcherServlet'
27-08-2019 16:42:04.296 [http-nio-443-exec-1] INFO  o.s.web.servlet.DispatcherServlet.initServletBean - Completed initialization in 7 ms
27-08-2019 16:42:06.537 [pool-1-thread-1] INFO  c.m.a.adal4j.AuthenticationAuthority.doInstanceDiscovery - [Correlation ID: 3d67e0a2-d275-424c-bb6a-a6b1c2e3b01c] Instance discovery was successful
27-08-2019 16:42:09.006 [http-nio-443-exec-5] INFO  c.m.h.service.Impl.UserServiceImpl.isBlank - UserServiceImpl.isBlank - t-mehe@microsoft.com
27-08-2019 16:42:09.007 [http-nio-443-exec-8] INFO  c.m.h.service.Impl.TopicServiceImpl.getTopicsByUpn - TopicServiceImpl.getTopicsByUpn - t-mehe@microsoft.com
27-08-2019 16:42:09.007 [http-nio-443-exec-6] INFO  c.m.h.s.Impl.InvitationServiceImpl.getUnreadInvitationNum - InvitationServiceImpl.getUnreadInvitationNum - t-mehe@microsoft.com
27-08-2019 16:42:09.007 [http-nio-443-exec-7] INFO  c.m.h.s.Impl.KeywordServiceImpl.getHotKeywords - KeywordServiceImpl.getHotKeywords - 10
27-08-2019 16:42:09.008 [http-nio-443-exec-10] INFO  c.m.h.service.Impl.TopicServiceImpl.getTopTopics - TopicServiceImpl.getTopTopics - 10
27-08-2019 16:42:09.008 [http-nio-443-exec-9] INFO  c.m.h.service.Impl.SourceServiceImpl.getSubscribedSources - SourceServiceImpl.getSubscribedSources - t-mehe@microsoft.com
27-08-2019 16:42:09.189 [http-nio-443-exec-1] INFO  c.m.h.s.Impl.KeywordServiceImpl.getAllKeywords - KeywordServiceImpl.getAllKeywords
27-08-2019 16:42:10.076 [http-nio-443-exec-9] INFO  org.mongodb.driver.connection.info - Opened connection [connectionId{localValue:5, serverValue:1972193920}] to cdb-ms-prod-eastasia1-fd5.documents.azure.com:10255
27-08-2019 16:42:10.085 [http-nio-443-exec-6] INFO  org.mongodb.driver.connection.info - Opened connection [connectionId{localValue:7, serverValue:574693622}] to cdb-ms-prod-eastasia1-fd5.documents.azure.com:10255
27-08-2019 16:42:10.093 [http-nio-443-exec-10] INFO  org.mongodb.driver.connection.info - Opened connection [connectionId{localValue:8, serverValue:999017827}] to cdb-ms-prod-eastasia1-fd5.documents.azure.com:10255
27-08-2019 16:42:10.103 [http-nio-443-exec-5] INFO  org.mongodb.driver.connection.info - Opened connection [connectionId{localValue:6, serverValue:-1950549001}] to cdb-ms-prod-eastasia1-fd5.documents.azure.com:10255
27-08-2019 16:42:10.106 [http-nio-443-exec-7] INFO  org.mongodb.driver.connection.info - Opened connection [connectionId{localValue:4, serverValue:1735471275}] to cdb-ms-prod-eastasia1-fd5.documents.azure.com:10255
27-08-2019 16:42:10.223 [http-nio-443-exec-3] INFO  c.m.h.service.Impl.SearchServiceImpl.getPostsBySourceAndTopics - SearchServiceImpl.getPostsBySource - 0,4,2
27-08-2019 16:42:11.696 [http-nio-443-exec-2] INFO  c.m.h.s.Impl.InvitationServiceImpl.getUnreadInvitationNum - InvitationServiceImpl.getUnreadInvitationNum - t-mehe@microsoft.com
27-08-2019 16:42:11.702 [http-nio-443-exec-1] INFO  c.m.h.service.Impl.TopicServiceImpl.getTopTopics - TopicServiceImpl.getTopTopics - 10
27-08-2019 16:42:11.702 [http-nio-443-exec-8] INFO  c.m.h.service.Impl.ReportServiceImpl.getUserScoresByTime - ReportServiceImpl.getUserScoresByTime - week
27-08-2019 16:42:11.702 [http-nio-443-exec-9] INFO  c.m.h.s.Impl.KeywordServiceImpl.getHotKeywords - KeywordServiceImpl.getHotKeywords - 12
27-08-2019 16:42:31.894 [http-nio-443-exec-10] INFO  c.m.h.s.Impl.InvitationServiceImpl.getUnreadInvitationNum - InvitationServiceImpl.getUnreadInvitationNum - t-mehe@microsoft.com
27-08-2019 16:42:31.899 [http-nio-443-exec-3] INFO  c.m.h.service.Impl.ReportServiceImpl.getPersonalTopicScore - ReportServiceImpl.getPersonalTopicScore - t-mehe@microsoft.com,week
27-08-2019 16:42:31.899 [http-nio-443-exec-4] INFO  c.m.h.service.Impl.ReportServiceImpl.getPersonalTopicCount - ReportServiceImpl.getPersonalTopicCount - t-mehe@microsoft.com,week
27-08-2019 16:42:31.899 [http-nio-443-exec-7] INFO  c.m.h.service.Impl.ReportServiceImpl.getPersonalScoreDistribution - ReportServiceImpl.getPersonalScoreDistribution - t-mehe@microsoft.com,week
27-08-2019 16:42:31.900 [http-nio-443-exec-2] INFO  c.m.h.service.Impl.ReportServiceImpl.getPersonalSourceScore - ReportServiceImpl.getPersonalSourceScore - t-mehe@microsoft.com,week
27-08-2019 16:42:31.902 [http-nio-443-exec-1] INFO  c.m.h.service.Impl.ReportServiceImpl.getPersonalSourceCount - ReportServiceImpl.getPersonalSourceCount - t-mehe@microsoft.com,week
